{"numTotalTestSuites":8,"numPassedTestSuites":0,"numFailedTestSuites":8,"numPendingTestSuites":0,"numTotalTests":0,"numPassedTests":0,"numFailedTests":0,"numPendingTests":0,"numTodoTests":0,"snapshot":{"added":0,"failure":false,"filesAdded":0,"filesRemoved":0,"filesRemovedList":[],"filesUnmatched":0,"filesUpdated":0,"matched":0,"total":0,"unchecked":0,"uncheckedKeysByFile":[],"unmatched":0,"updated":0,"didUpdate":false},"startTime":1758197861523,"success":false,"testResults":[{"assertionResults":[],"startTime":1758197861523,"endTime":1758197861523,"status":"failed","message":"Cannot find module '../database/dynamic-agent-db.js' imported from '/home/chris/Code/n8n-mcp-modern/tests/behavioral/agent-behavioral.test.ts'","name":"/home/chris/Code/n8n-mcp-modern/tests/behavioral/agent-behavioral.test.ts"},{"assertionResults":[],"startTime":1758197861523,"endTime":1758197861523,"status":"failed","message":"Cannot find module '../tools/workflow-builder-utils.js' imported from '/home/chris/Code/n8n-mcp-modern/tests/behavioral/iterative-builder.test.ts'","name":"/home/chris/Code/n8n-mcp-modern/tests/behavioral/iterative-builder.test.ts"},{"assertionResults":[],"startTime":1758197861523,"endTime":1758197861523,"status":"failed","message":"Cannot find module '../../database/index.js' imported from '/home/chris/Code/n8n-mcp-modern/tests/integration/discovery-core.test.ts'","name":"/home/chris/Code/n8n-mcp-modern/tests/integration/discovery-core.test.ts"},{"assertionResults":[],"startTime":1758197861523,"endTime":1758197861523,"status":"failed","message":"Cannot find module '../../database/index.js' imported from '/home/chris/Code/n8n-mcp-modern/tests/integration/discovery-integration.test.ts'","name":"/home/chris/Code/n8n-mcp-modern/tests/integration/discovery-integration.test.ts"},{"assertionResults":[],"startTime":1758197861523,"endTime":1758197861523,"status":"failed","message":"Cannot find module '../n8n/simple-api.js' imported from '/home/chris/Code/n8n-mcp-modern/tests/integration/n8n-integration.test.ts'","name":"/home/chris/Code/n8n-mcp-modern/tests/integration/n8n-integration.test.ts"},{"assertionResults":[],"startTime":1758197861523,"endTime":1758197861523,"status":"failed","message":"Cannot find module '../agents/memory-system.js' imported from '/home/chris/Code/n8n-mcp-modern/tests/integration/phase2-integration.test.ts'","name":"/home/chris/Code/n8n-mcp-modern/tests/integration/phase2-integration.test.ts"},{"assertionResults":[],"startTime":1758197861523,"endTime":1758197861523,"status":"failed","message":"Cannot find module '../database/dynamic-agent-db.js' imported from '/home/chris/Code/n8n-mcp-modern/tests/unit/mcp-tool-invocation.test.ts'","name":"/home/chris/Code/n8n-mcp-modern/tests/unit/mcp-tool-invocation.test.ts"},{"assertionResults":[],"startTime":1758197861523,"endTime":1758197861523,"status":"failed","message":"Cannot find module '../database/index.js' imported from '/home/chris/Code/n8n-mcp-modern/tests/unit/phase4-discovery.test.ts'","name":"/home/chris/Code/n8n-mcp-modern/tests/unit/phase4-discovery.test.ts"}]}